2026-01-02T16:14:13+00:00 CRITICAL Uncaught Error: Call to a member function set() on null in /var/www/html/wp-content/plugins/woocommerce/includes/wc-notice-functions.php:124
Stack trace:
#0 /var/www/html/wp-content/themes/enfold/config-templatebuilder/avia-shortcodes/product_snippets/product_snippet_button.php(139): wc_clear_notices()
#1 /var/www/html/wp-content/themes/enfold/config-templatebuilder/avia-template-builder/php/shortcode-template.class.php(805): avia_sc_produc_button->shortcode_handler()
#2 /var/www/html/wp-includes/shortcodes.php(395): aviaShortcodeTemplate->shortcode_handler_prepare()
#3 [internal function]: do_shortcode_tag()
#4 /var/www/html/wp-includes/shortcodes.php(235): preg_replace_callback()
#5 /var/www/html/wp-content/themes/enfold/config-templatebuilder/avia-template-builder/php/shortcode-helper.class.php(498): do_shortcode()
#6 /var/www/html/wp-content/themes/enfold/config-templatebuilder/avia-shortcodes/grid_row/cell.php(716): ShortcodeHelper::avia_apply_autop()
#7 /var/www/html/wp-content/themes/enfold/config-templatebuilder/avia-template-builder/php/shortcode-template.class.php(805): avia_sc_cell->shortcode_handler()
#8 /var/www/html/wp-includes/shortcodes.php(395): aviaShortcodeTemplate->shortcode_handler_prepare()
#9 [internal function]: do_shortcode_tag()
#10 /var/www/html/wp-includes/shortcodes.php(235): preg_replace_callback()
#11 /var/www/html/wp-content/themes/enfold/config-templatebuilder/avia-template-builder/php/shortcode-helper.class.php(481): do_shortcode()
#12 /var/www/html/wp-content/themes/enfold/config-templatebuilder/avia-shortcodes/grid_row/grid_row.php(368): ShortcodeHelper::avia_remove_autop()
#13 /var/www/html/wp-content/themes/enfold/config-templatebuilder/avia-template-builder/php/shortcode-template.class.php(805): avia_sc_grid_row->shortcode_handler()
#14 /var/www/html/wp-includes/shortcodes.php(395): aviaShortcodeTemplate->shortcode_handler_prepare()
#15 [internal function]: do_shortcode_tag()
#16 /var/www/html/wp-includes/shortcodes.php(235): preg_replace_callback()
#17 /var/www/html/wp-includes/class-wp-hook.php(310): do_shortcode()
#18 /var/www/html/wp-includes/plugin.php(205): WP_Hook->apply_filters()
#19 /var/www/html/wp-includes/rest-api/endpoints/class-wp-rest-posts-controller.php(1864): apply_filters()
#20 /var/www/html/wp-includes/rest-api/endpoints/class-wp-rest-posts-controller.php(569): WP_REST_Posts_Controller->prepare_item_for_response()
#21 /var/www/html/wp-includes/rest-api/class-wp-rest-server.php(1188): WP_REST_Posts_Controller->get_item()
#22 /var/www/html/wp-includes/rest-api/class-wp-rest-server.php(1035): WP_REST_Server->respond_to_request()
#23 /var/www/html/wp-includes/rest-api/class-wp-rest-server.php(447): WP_REST_Server->dispatch()
#24 /var/www/html/wp-includes/rest-api.php(418): WP_REST_Server->serve_request()
#25 /var/www/html/wp-includes/class-wp-hook.php(310): rest_api_loaded()
#26 /var/www/html/wp-includes/class-wp-hook.php(334): WP_Hook->apply_filters()
#27 /var/www/html/wp-includes/plugin.php(565): WP_Hook->do_action()
#28 /var/www/html/wp-includes/class-wp.php(398): do_action_ref_array()
#29 /var/www/html/wp-includes/class-wp.php(779): WP->parse_request()
#30 /var/www/html/wp-includes/functions.php(1335): WP->main()
#31 /var/www/html/wp-blog-header.php(16): wp()
#32 /var/www/html/index.php(17): require('...')
#33 {main}
  thrown in /var/www/html/wp-content/plugins/woocommerce/includes/wc-notice-functions.php on line 124

2026-01-02T16:43:10+00:00 CRITICAL Uncaught Error: Call to a member function set() on null in /var/www/html/wp-content/plugins/woocommerce/includes/wc-notice-functions.php:124
Stack trace:
#0 /var/www/html/wp-content/themes/enfold/config-templatebuilder/avia-shortcodes/product_snippets/product_snippet_button.php(139): wc_clear_notices()
#1 /var/www/html/wp-content/themes/enfold/config-templatebuilder/avia-template-builder/php/shortcode-template.class.php(805): avia_sc_produc_button->shortcode_handler()
#2 /var/www/html/wp-includes/shortcodes.php(395): aviaShortcodeTemplate->shortcode_handler_prepare()
#3 [internal function]: do_shortcode_tag()
#4 /var/www/html/wp-includes/shortcodes.php(235): preg_replace_callback()
#5 /var/www/html/wp-content/themes/enfold/config-templatebuilder/avia-template-builder/php/shortcode-helper.class.php(498): do_shortcode()
#6 /var/www/html/wp-content/themes/enfold/config-templatebuilder/avia-shortcodes/grid_row/cell.php(716): ShortcodeHelper::avia_apply_autop()
#7 /var/www/html/wp-content/themes/enfold/config-templatebuilder/avia-template-builder/php/shortcode-template.class.php(805): avia_sc_cell->shortcode_handler()
#8 /var/www/html/wp-includes/shortcodes.php(395): aviaShortcodeTemplate->shortcode_handler_prepare()
#9 [internal function]: do_shortcode_tag()
#10 /var/www/html/wp-includes/shortcodes.php(235): preg_replace_callback()
#11 /var/www/html/wp-content/themes/enfold/config-templatebuilder/avia-template-builder/php/shortcode-helper.class.php(481): do_shortcode()
#12 /var/www/html/wp-content/themes/enfold/config-templatebuilder/avia-shortcodes/grid_row/grid_row.php(368): ShortcodeHelper::avia_remove_autop()
#13 /var/www/html/wp-content/themes/enfold/config-templatebuilder/avia-template-builder/php/shortcode-template.class.php(805): avia_sc_grid_row->shortcode_handler()
#14 /var/www/html/wp-includes/shortcodes.php(395): aviaShortcodeTemplate->shortcode_handler_prepare()
#15 [internal function]: do_shortcode_tag()
#16 /var/www/html/wp-includes/shortcodes.php(235): preg_replace_callback()
#17 /var/www/html/wp-includes/class-wp-hook.php(310): do_shortcode()
#18 /var/www/html/wp-includes/plugin.php(205): WP_Hook->apply_filters()
#19 /var/www/html/wp-includes/rest-api/endpoints/class-wp-rest-posts-controller.php(1864): apply_filters()
#20 /var/www/html/wp-includes/rest-api/endpoints/class-wp-rest-posts-controller.php(569): WP_REST_Posts_Controller->prepare_item_for_response()
#21 /var/www/html/wp-includes/rest-api/class-wp-rest-server.php(1188): WP_REST_Posts_Controller->get_item()
#22 /var/www/html/wp-includes/rest-api/class-wp-rest-server.php(1035): WP_REST_Server->respond_to_request()
#23 /var/www/html/wp-includes/rest-api/class-wp-rest-server.php(447): WP_REST_Server->dispatch()
#24 /var/www/html/wp-includes/rest-api.php(418): WP_REST_Server->serve_request()
#25 /var/www/html/wp-includes/class-wp-hook.php(310): rest_api_loaded()
#26 /var/www/html/wp-includes/class-wp-hook.php(334): WP_Hook->apply_filters()
#27 /var/www/html/wp-includes/plugin.php(565): WP_Hook->do_action()
#28 /var/www/html/wp-includes/class-wp.php(398): do_action_ref_array()
#29 /var/www/html/wp-includes/class-wp.php(779): WP->parse_request()
#30 /var/www/html/wp-includes/functions.php(1335): WP->main()
#31 /var/www/html/wp-blog-header.php(16): wp()
#32 /var/www/html/index.php(17): require('...')
#33 {main}
  thrown in /var/www/html/wp-content/plugins/woocommerce/includes/wc-notice-functions.php on line 124

2026-01-02T18:41:04+00:00 CRITICAL Uncaught Error: Call to a member function get_cart() on null in /var/www/html/wp-content/themes/enfold/config-woocommerce/config.php:2009
Stack trace:
#0 /var/www/html/wp-includes/class-wp-hook.php(310): avia_woocommerce_cart_pos()
#1 /var/www/html/wp-includes/plugin.php(205): WP_Hook->apply_filters()
#2 /var/www/html/wp-content/themes/enfold/functions-enfold.php(1294): apply_filters()
#3 /var/www/html/wp-content/themes/enfold/header.php(25): avia_header_class_string()
#4 /var/www/html/wp-includes/template.php(785): require_once('...')
#5 /var/www/html/wp-includes/template.php(720): load_template()
#6 /var/www/html/wp-includes/general-template.php(48): locate_template()
#7 /var/www/html/wp-content/themes/enfold/404.php(9): get_header()
#8 /var/www/html/wp-includes/template-loader.php(106): include('...')
#9 /var/www/html/wp-blog-header.php(19): require_once('...')
#10 /var/www/html/index.php(17): require('...')
#11 {main}
  thrown in /var/www/html/wp-content/themes/enfold/config-woocommerce/config.php on line 2009

2026-01-02T20:44:29+00:00 CRITICAL Uncaught Error: Call to a member function set() on null in /var/www/html/wp-content/plugins/woocommerce/includes/wc-notice-functions.php:124
Stack trace:
#0 /var/www/html/wp-content/themes/enfold/config-templatebuilder/avia-shortcodes/product_snippets/product_snippet_button.php(139): wc_clear_notices()
#1 /var/www/html/wp-content/themes/enfold/config-templatebuilder/avia-template-builder/php/shortcode-template.class.php(805): avia_sc_produc_button->shortcode_handler()
#2 /var/www/html/wp-includes/shortcodes.php(395): aviaShortcodeTemplate->shortcode_handler_prepare()
#3 [internal function]: do_shortcode_tag()
#4 /var/www/html/wp-includes/shortcodes.php(235): preg_replace_callback()
#5 /var/www/html/wp-content/themes/enfold/config-templatebuilder/avia-template-builder/php/shortcode-helper.class.php(498): do_shortcode()
#6 /var/www/html/wp-content/themes/enfold/config-templatebuilder/avia-shortcodes/grid_row/cell.php(716): ShortcodeHelper::avia_apply_autop()
#7 /var/www/html/wp-content/themes/enfold/config-templatebuilder/avia-template-builder/php/shortcode-template.class.php(805): avia_sc_cell->shortcode_handler()
#8 /var/www/html/wp-includes/shortcodes.php(395): aviaShortcodeTemplate->shortcode_handler_prepare()
#9 [internal function]: do_shortcode_tag()
#10 /var/www/html/wp-includes/shortcodes.php(235): preg_replace_callback()
#11 /var/www/html/wp-content/themes/enfold/config-templatebuilder/avia-template-builder/php/shortcode-helper.class.php(481): do_shortcode()
#12 /var/www/html/wp-content/themes/enfold/config-templatebuilder/avia-shortcodes/grid_row/grid_row.php(368): ShortcodeHelper::avia_remove_autop()
#13 /var/www/html/wp-content/themes/enfold/config-templatebuilder/avia-template-builder/php/shortcode-template.class.php(805): avia_sc_grid_row->shortcode_handler()
#14 /var/www/html/wp-includes/shortcodes.php(395): aviaShortcodeTemplate->shortcode_handler_prepare()
#15 [internal function]: do_shortcode_tag()
#16 /var/www/html/wp-includes/shortcodes.php(235): preg_replace_callback()
#17 /var/www/html/wp-includes/class-wp-hook.php(310): do_shortcode()
#18 /var/www/html/wp-includes/plugin.php(205): WP_Hook->apply_filters()
#19 /var/www/html/wp-includes/rest-api/endpoints/class-wp-rest-posts-controller.php(1864): apply_filters()
#20 /var/www/html/wp-includes/rest-api/endpoints/class-wp-rest-posts-controller.php(569): WP_REST_Posts_Controller->prepare_item_for_response()
#21 /var/www/html/wp-includes/rest-api/class-wp-rest-server.php(1188): WP_REST_Posts_Controller->get_item()
#22 /var/www/html/wp-includes/rest-api/class-wp-rest-server.php(1035): WP_REST_Server->respond_to_request()
#23 /var/www/html/wp-includes/rest-api/class-wp-rest-server.php(447): WP_REST_Server->dispatch()
#24 /var/www/html/wp-includes/rest-api.php(418): WP_REST_Server->serve_request()
#25 /var/www/html/wp-includes/class-wp-hook.php(310): rest_api_loaded()
#26 /var/www/html/wp-includes/class-wp-hook.php(334): WP_Hook->apply_filters()
#27 /var/www/html/wp-includes/plugin.php(565): WP_Hook->do_action()
#28 /var/www/html/wp-includes/class-wp.php(398): do_action_ref_array()
#29 /var/www/html/wp-includes/class-wp.php(779): WP->parse_request()
#30 /var/www/html/wp-includes/functions.php(1335): WP->main()
#31 /var/www/html/wp-blog-header.php(16): wp()
#32 /var/www/html/index.php(17): require('...')
#33 {main}
  thrown in /var/www/html/wp-content/plugins/woocommerce/includes/wc-notice-functions.php on line 124

2026-01-02T21:06:49+00:00 CRITICAL Uncaught Error: Call to a member function set() on null in /var/www/html/wp-content/plugins/woocommerce/includes/wc-notice-functions.php:124
Stack trace:
#0 /var/www/html/wp-content/themes/enfold/config-templatebuilder/avia-shortcodes/product_snippets/product_snippet_button.php(139): wc_clear_notices()
#1 /var/www/html/wp-content/themes/enfold/config-templatebuilder/avia-template-builder/php/shortcode-template.class.php(805): avia_sc_produc_button->shortcode_handler()
#2 /var/www/html/wp-includes/shortcodes.php(395): aviaShortcodeTemplate->shortcode_handler_prepare()
#3 [internal function]: do_shortcode_tag()
#4 /var/www/html/wp-includes/shortcodes.php(235): preg_replace_callback()
#5 /var/www/html/wp-content/themes/enfold/config-templatebuilder/avia-template-builder/php/shortcode-helper.class.php(498): do_shortcode()
#6 /var/www/html/wp-content/themes/enfold/config-templatebuilder/avia-shortcodes/grid_row/cell.php(716): ShortcodeHelper::avia_apply_autop()
#7 /var/www/html/wp-content/themes/enfold/config-templatebuilder/avia-template-builder/php/shortcode-template.class.php(805): avia_sc_cell->shortcode_handler()
#8 /var/www/html/wp-includes/shortcodes.php(395): aviaShortcodeTemplate->shortcode_handler_prepare()
#9 [internal function]: do_shortcode_tag()
#10 /var/www/html/wp-includes/shortcodes.php(235): preg_replace_callback()
#11 /var/www/html/wp-content/themes/enfold/config-templatebuilder/avia-template-builder/php/shortcode-helper.class.php(481): do_shortcode()
#12 /var/www/html/wp-content/themes/enfold/config-templatebuilder/avia-shortcodes/grid_row/grid_row.php(368): ShortcodeHelper::avia_remove_autop()
#13 /var/www/html/wp-content/themes/enfold/config-templatebuilder/avia-template-builder/php/shortcode-template.class.php(805): avia_sc_grid_row->shortcode_handler()
#14 /var/www/html/wp-includes/shortcodes.php(395): aviaShortcodeTemplate->shortcode_handler_prepare()
#15 [internal function]: do_shortcode_tag()
#16 /var/www/html/wp-includes/shortcodes.php(235): preg_replace_callback()
#17 /var/www/html/wp-includes/class-wp-hook.php(310): do_shortcode()
#18 /var/www/html/wp-includes/plugin.php(205): WP_Hook->apply_filters()
#19 /var/www/html/wp-includes/rest-api/endpoints/class-wp-rest-posts-controller.php(1864): apply_filters()
#20 /var/www/html/wp-includes/rest-api/endpoints/class-wp-rest-posts-controller.php(569): WP_REST_Posts_Controller->prepare_item_for_response()
#21 /var/www/html/wp-includes/rest-api/class-wp-rest-server.php(1188): WP_REST_Posts_Controller->get_item()
#22 /var/www/html/wp-includes/rest-api/class-wp-rest-server.php(1035): WP_REST_Server->respond_to_request()
#23 /var/www/html/wp-includes/rest-api/class-wp-rest-server.php(447): WP_REST_Server->dispatch()
#24 /var/www/html/wp-includes/rest-api.php(418): WP_REST_Server->serve_request()
#25 /var/www/html/wp-includes/class-wp-hook.php(310): rest_api_loaded()
#26 /var/www/html/wp-includes/class-wp-hook.php(334): WP_Hook->apply_filters()
#27 /var/www/html/wp-includes/plugin.php(565): WP_Hook->do_action()
#28 /var/www/html/wp-includes/class-wp.php(398): do_action_ref_array()
#29 /var/www/html/wp-includes/class-wp.php(779): WP->parse_request()
#30 /var/www/html/wp-includes/functions.php(1335): WP->main()
#31 /var/www/html/wp-blog-header.php(16): wp()
#32 /var/www/html/index.php(17): require('...')
#33 {main}
  thrown in /var/www/html/wp-content/plugins/woocommerce/includes/wc-notice-functions.php on line 124

