2025-12-30T00:50:32+00:00 CRITICAL Uncaught Error: Call to a member function get_cart() on null in /var/www/html/wp-content/themes/enfold/config-woocommerce/config.php:2009
Stack trace:
#0 /var/www/html/wp-includes/class-wp-hook.php(310): avia_woocommerce_cart_pos()
#1 /var/www/html/wp-includes/plugin.php(205): WP_Hook->apply_filters()
#2 /var/www/html/wp-content/themes/enfold/functions-enfold.php(1294): apply_filters()
#3 /var/www/html/wp-content/themes/enfold/header.php(25): avia_header_class_string()
#4 /var/www/html/wp-includes/template.php(785): require_once('...')
#5 /var/www/html/wp-includes/template.php(720): load_template()
#6 /var/www/html/wp-includes/general-template.php(48): locate_template()
#7 /var/www/html/wp-content/themes/enfold/404.php(9): get_header()
#8 /var/www/html/wp-includes/template-loader.php(106): include('...')
#9 /var/www/html/wp-blog-header.php(19): require_once('...')
#10 /var/www/html/index.php(17): require('...')
#11 {main}
  thrown in /var/www/html/wp-content/themes/enfold/config-woocommerce/config.php on line 2009

2025-12-30T00:50:34+00:00 CRITICAL Uncaught Error: Call to a member function get_cart() on null in /var/www/html/wp-content/themes/enfold/config-woocommerce/config.php:2009
Stack trace:
#0 /var/www/html/wp-includes/class-wp-hook.php(310): avia_woocommerce_cart_pos()
#1 /var/www/html/wp-includes/plugin.php(205): WP_Hook->apply_filters()
#2 /var/www/html/wp-content/themes/enfold/functions-enfold.php(1294): apply_filters()
#3 /var/www/html/wp-content/themes/enfold/header.php(25): avia_header_class_string()
#4 /var/www/html/wp-includes/template.php(785): require_once('...')
#5 /var/www/html/wp-includes/template.php(720): load_template()
#6 /var/www/html/wp-includes/general-template.php(48): locate_template()
#7 /var/www/html/wp-content/themes/enfold/404.php(9): get_header()
#8 /var/www/html/wp-includes/template-loader.php(106): include('...')
#9 /var/www/html/wp-blog-header.php(19): require_once('...')
#10 /var/www/html/index.php(17): require('...')
#11 {main}
  thrown in /var/www/html/wp-content/themes/enfold/config-woocommerce/config.php on line 2009

2025-12-30T00:50:37+00:00 CRITICAL Uncaught Error: Call to a member function get_cart() on null in /var/www/html/wp-content/themes/enfold/config-woocommerce/config.php:2009
Stack trace:
#0 /var/www/html/wp-includes/class-wp-hook.php(310): avia_woocommerce_cart_pos()
#1 /var/www/html/wp-includes/plugin.php(205): WP_Hook->apply_filters()
#2 /var/www/html/wp-content/themes/enfold/functions-enfold.php(1294): apply_filters()
#3 /var/www/html/wp-content/themes/enfold/header.php(25): avia_header_class_string()
#4 /var/www/html/wp-includes/template.php(785): require_once('...')
#5 /var/www/html/wp-includes/template.php(720): load_template()
#6 /var/www/html/wp-includes/general-template.php(48): locate_template()
#7 /var/www/html/wp-content/themes/enfold/404.php(9): get_header()
#8 /var/www/html/wp-includes/template-loader.php(106): include('...')
#9 /var/www/html/wp-blog-header.php(19): require_once('...')
#10 /var/www/html/index.php(17): require('...')
#11 {main}
  thrown in /var/www/html/wp-content/themes/enfold/config-woocommerce/config.php on line 2009

2025-12-30T08:06:29+00:00 CRITICAL Allowed memory size of 134217728 bytes exhausted (tried to allocate 20480 bytes) in /var/www/html/wp-includes/class-wpdb.php on line 2425

2025-12-30T08:11:29+00:00 CRITICAL Uncaught Error: Call to a member function get_cart() on null in /var/www/html/wp-content/themes/enfold/config-woocommerce/config.php:2009
Stack trace:
#0 /var/www/html/wp-includes/class-wp-hook.php(310): avia_woocommerce_cart_pos()
#1 /var/www/html/wp-includes/plugin.php(205): WP_Hook->apply_filters()
#2 /var/www/html/wp-content/themes/enfold/functions-enfold.php(1294): apply_filters()
#3 /var/www/html/wp-content/themes/enfold/header.php(25): avia_header_class_string()
#4 /var/www/html/wp-includes/template.php(785): require_once('...')
#5 /var/www/html/wp-includes/template.php(720): load_template()
#6 /var/www/html/wp-includes/general-template.php(48): locate_template()
#7 /var/www/html/wp-content/themes/enfold/404.php(9): get_header()
#8 /var/www/html/wp-includes/template-loader.php(106): include('...')
#9 /var/www/html/wp-blog-header.php(19): require_once('...')
#10 /var/www/html/index.php(17): require('...')
#11 {main}
  thrown in /var/www/html/wp-content/themes/enfold/config-woocommerce/config.php on line 2009

2025-12-30T08:11:30+00:00 CRITICAL Uncaught Error: Call to a member function get_cart() on null in /var/www/html/wp-content/themes/enfold/config-woocommerce/config.php:2009
Stack trace:
#0 /var/www/html/wp-includes/class-wp-hook.php(310): avia_woocommerce_cart_pos()
#1 /var/www/html/wp-includes/plugin.php(205): WP_Hook->apply_filters()
#2 /var/www/html/wp-content/themes/enfold/functions-enfold.php(1294): apply_filters()
#3 /var/www/html/wp-content/themes/enfold/header.php(25): avia_header_class_string()
#4 /var/www/html/wp-includes/template.php(785): require_once('...')
#5 /var/www/html/wp-includes/template.php(720): load_template()
#6 /var/www/html/wp-includes/general-template.php(48): locate_template()
#7 /var/www/html/wp-content/themes/enfold/404.php(9): get_header()
#8 /var/www/html/wp-includes/template-loader.php(106): include('...')
#9 /var/www/html/wp-blog-header.php(19): require_once('...')
#10 /var/www/html/index.php(17): require('...')
#11 {main}
  thrown in /var/www/html/wp-content/themes/enfold/config-woocommerce/config.php on line 2009

2025-12-30T08:11:32+00:00 CRITICAL Uncaught Error: Call to a member function get_cart() on null in /var/www/html/wp-content/themes/enfold/config-woocommerce/config.php:2009
Stack trace:
#0 /var/www/html/wp-includes/class-wp-hook.php(310): avia_woocommerce_cart_pos()
#1 /var/www/html/wp-includes/plugin.php(205): WP_Hook->apply_filters()
#2 /var/www/html/wp-content/themes/enfold/functions-enfold.php(1294): apply_filters()
#3 /var/www/html/wp-content/themes/enfold/header.php(25): avia_header_class_string()
#4 /var/www/html/wp-includes/template.php(785): require_once('...')
#5 /var/www/html/wp-includes/template.php(720): load_template()
#6 /var/www/html/wp-includes/general-template.php(48): locate_template()
#7 /var/www/html/wp-content/themes/enfold/404.php(9): get_header()
#8 /var/www/html/wp-includes/template-loader.php(106): include('...')
#9 /var/www/html/wp-blog-header.php(19): require_once('...')
#10 /var/www/html/index.php(17): require('...')
#11 {main}
  thrown in /var/www/html/wp-content/themes/enfold/config-woocommerce/config.php on line 2009

2025-12-30T08:11:34+00:00 CRITICAL Uncaught Error: Call to a member function get_cart() on null in /var/www/html/wp-content/themes/enfold/config-woocommerce/config.php:2009
Stack trace:
#0 /var/www/html/wp-includes/class-wp-hook.php(310): avia_woocommerce_cart_pos()
#1 /var/www/html/wp-includes/plugin.php(205): WP_Hook->apply_filters()
#2 /var/www/html/wp-content/themes/enfold/functions-enfold.php(1294): apply_filters()
#3 /var/www/html/wp-content/themes/enfold/header.php(25): avia_header_class_string()
#4 /var/www/html/wp-includes/template.php(785): require_once('...')
#5 /var/www/html/wp-includes/template.php(720): load_template()
#6 /var/www/html/wp-includes/general-template.php(48): locate_template()
#7 /var/www/html/wp-content/themes/enfold/404.php(9): get_header()
#8 /var/www/html/wp-includes/template-loader.php(106): include('...')
#9 /var/www/html/wp-blog-header.php(19): require_once('...')
#10 /var/www/html/index.php(17): require('...')
#11 {main}
  thrown in /var/www/html/wp-content/themes/enfold/config-woocommerce/config.php on line 2009

2025-12-30T08:11:34+00:00 CRITICAL Uncaught Error: Call to a member function get_cart() on null in /var/www/html/wp-content/themes/enfold/config-woocommerce/config.php:2009
Stack trace:
#0 /var/www/html/wp-includes/class-wp-hook.php(310): avia_woocommerce_cart_pos()
#1 /var/www/html/wp-includes/plugin.php(205): WP_Hook->apply_filters()
#2 /var/www/html/wp-content/themes/enfold/functions-enfold.php(1294): apply_filters()
#3 /var/www/html/wp-content/themes/enfold/header.php(25): avia_header_class_string()
#4 /var/www/html/wp-includes/template.php(785): require_once('...')
#5 /var/www/html/wp-includes/template.php(720): load_template()
#6 /var/www/html/wp-includes/general-template.php(48): locate_template()
#7 /var/www/html/wp-content/themes/enfold/404.php(9): get_header()
#8 /var/www/html/wp-includes/template-loader.php(106): include('...')
#9 /var/www/html/wp-blog-header.php(19): require_once('...')
#10 /var/www/html/index.php(17): require('...')
#11 {main}
  thrown in /var/www/html/wp-content/themes/enfold/config-woocommerce/config.php on line 2009

2025-12-30T10:33:22+00:00 CRITICAL Allowed memory size of 134217728 bytes exhausted (tried to allocate 20480 bytes) in /var/www/html/wp-includes/class-wpdb.php on line 2425

2025-12-30T13:29:22+00:00 CRITICAL Uncaught Error: Object of class WP_Error could not be converted to string in /var/www/html/wp-content/themes/enfold/template-signon.php:121
Stack trace:
#0 /var/www/html/wp-includes/template-loader.php(106): include()
#1 /var/www/html/wp-blog-header.php(19): require_once('...')
#2 /var/www/html/index.php(17): require('...')
#3 {main}
  thrown in /var/www/html/wp-content/themes/enfold/template-signon.php on line 121

2025-12-30T13:30:07+00:00 CRITICAL Uncaught Error: Object of class WP_Error could not be converted to string in /var/www/html/wp-content/themes/enfold/template-signon.php:121
Stack trace:
#0 /var/www/html/wp-includes/template-loader.php(106): include()
#1 /var/www/html/wp-blog-header.php(19): require_once('...')
#2 /var/www/html/index.php(17): require('...')
#3 {main}
  thrown in /var/www/html/wp-content/themes/enfold/template-signon.php on line 121

2025-12-30T13:31:49+00:00 CRITICAL Uncaught Error: Object of class WP_Error could not be converted to string in /var/www/html/wp-content/themes/enfold/template-signon.php:121
Stack trace:
#0 /var/www/html/wp-includes/template-loader.php(106): include()
#1 /var/www/html/wp-blog-header.php(19): require_once('...')
#2 /var/www/html/index.php(17): require('...')
#3 {main}
  thrown in /var/www/html/wp-content/themes/enfold/template-signon.php on line 121

2025-12-30T18:37:32+00:00 CRITICAL Uncaught Error: Call to a member function get_cart() on null in /var/www/html/wp-content/themes/enfold/config-woocommerce/config.php:2009
Stack trace:
#0 /var/www/html/wp-includes/class-wp-hook.php(310): avia_woocommerce_cart_pos()
#1 /var/www/html/wp-includes/plugin.php(205): WP_Hook->apply_filters()
#2 /var/www/html/wp-content/themes/enfold/functions-enfold.php(1294): apply_filters()
#3 /var/www/html/wp-content/themes/enfold/header.php(25): avia_header_class_string()
#4 /var/www/html/wp-includes/template.php(785): require_once('...')
#5 /var/www/html/wp-includes/template.php(720): load_template()
#6 /var/www/html/wp-includes/general-template.php(48): locate_template()
#7 /var/www/html/wp-content/themes/enfold/404.php(9): get_header()
#8 /var/www/html/wp-includes/template-loader.php(106): include('...')
#9 /var/www/html/wp-blog-header.php(19): require_once('...')
#10 /var/www/html/index.php(17): require('...')
#11 {main}
  thrown in /var/www/html/wp-content/themes/enfold/config-woocommerce/config.php on line 2009

2025-12-30T22:26:24+00:00 CRITICAL Uncaught Error: Call to a member function get_cart() on null in /var/www/html/wp-content/themes/enfold/config-woocommerce/config.php:2009
Stack trace:
#0 /var/www/html/wp-includes/class-wp-hook.php(310): avia_woocommerce_cart_pos()
#1 /var/www/html/wp-includes/plugin.php(205): WP_Hook->apply_filters()
#2 /var/www/html/wp-content/themes/enfold/functions-enfold.php(1294): apply_filters()
#3 /var/www/html/wp-content/themes/enfold/header.php(25): avia_header_class_string()
#4 /var/www/html/wp-includes/template.php(785): require_once('...')
#5 /var/www/html/wp-includes/template.php(720): load_template()
#6 /var/www/html/wp-includes/general-template.php(48): locate_template()
#7 /var/www/html/wp-content/themes/enfold/404.php(9): get_header()
#8 /var/www/html/wp-includes/template-loader.php(106): include('...')
#9 /var/www/html/wp-blog-header.php(19): require_once('...')
#10 /var/www/html/index.php(17): require('...')
#11 {main}
  thrown in /var/www/html/wp-content/themes/enfold/config-woocommerce/config.php on line 2009

2025-12-30T22:26:25+00:00 CRITICAL Uncaught Error: Call to a member function get_cart() on null in /var/www/html/wp-content/themes/enfold/config-woocommerce/config.php:2009
Stack trace:
#0 /var/www/html/wp-includes/class-wp-hook.php(310): avia_woocommerce_cart_pos()
#1 /var/www/html/wp-includes/plugin.php(205): WP_Hook->apply_filters()
#2 /var/www/html/wp-content/themes/enfold/functions-enfold.php(1294): apply_filters()
#3 /var/www/html/wp-content/themes/enfold/header.php(25): avia_header_class_string()
#4 /var/www/html/wp-includes/template.php(785): require_once('...')
#5 /var/www/html/wp-includes/template.php(720): load_template()
#6 /var/www/html/wp-includes/general-template.php(48): locate_template()
#7 /var/www/html/wp-content/themes/enfold/404.php(9): get_header()
#8 /var/www/html/wp-includes/template-loader.php(106): include('...')
#9 /var/www/html/wp-blog-header.php(19): require_once('...')
#10 /var/www/html/index.php(17): require('...')
#11 {main}
  thrown in /var/www/html/wp-content/themes/enfold/config-woocommerce/config.php on line 2009

2025-12-30T22:30:14+00:00 CRITICAL Uncaught Error: Call to a member function get_cart() on null in /var/www/html/wp-content/themes/enfold/config-woocommerce/config.php:2009
Stack trace:
#0 /var/www/html/wp-includes/class-wp-hook.php(310): avia_woocommerce_cart_pos()
#1 /var/www/html/wp-includes/plugin.php(205): WP_Hook->apply_filters()
#2 /var/www/html/wp-content/themes/enfold/functions-enfold.php(1294): apply_filters()
#3 /var/www/html/wp-content/themes/enfold/header.php(25): avia_header_class_string()
#4 /var/www/html/wp-includes/template.php(785): require_once('...')
#5 /var/www/html/wp-includes/template.php(720): load_template()
#6 /var/www/html/wp-includes/general-template.php(48): locate_template()
#7 /var/www/html/wp-content/themes/enfold/404.php(9): get_header()
#8 /var/www/html/wp-includes/template-loader.php(106): include('...')
#9 /var/www/html/wp-blog-header.php(19): require_once('...')
#10 /var/www/html/index.php(17): require('...')
#11 {main}
  thrown in /var/www/html/wp-content/themes/enfold/config-woocommerce/config.php on line 2009

2025-12-30T22:30:15+00:00 CRITICAL Uncaught Error: Call to a member function get_cart() on null in /var/www/html/wp-content/themes/enfold/config-woocommerce/config.php:2009
Stack trace:
#0 /var/www/html/wp-includes/class-wp-hook.php(310): avia_woocommerce_cart_pos()
#1 /var/www/html/wp-includes/plugin.php(205): WP_Hook->apply_filters()
#2 /var/www/html/wp-content/themes/enfold/functions-enfold.php(1294): apply_filters()
#3 /var/www/html/wp-content/themes/enfold/header.php(25): avia_header_class_string()
#4 /var/www/html/wp-includes/template.php(785): require_once('...')
#5 /var/www/html/wp-includes/template.php(720): load_template()
#6 /var/www/html/wp-includes/general-template.php(48): locate_template()
#7 /var/www/html/wp-content/themes/enfold/404.php(9): get_header()
#8 /var/www/html/wp-includes/template-loader.php(106): include('...')
#9 /var/www/html/wp-blog-header.php(19): require_once('...')
#10 /var/www/html/index.php(17): require('...')
#11 {main}
  thrown in /var/www/html/wp-content/themes/enfold/config-woocommerce/config.php on line 2009

