2026-01-15T00:36:32+00:00 CRITICAL Uncaught Error: Call to a member function get_cart() on null in /var/www/html/wp-content/themes/enfold/config-woocommerce/config.php:2009
Stack trace:
#0 /var/www/html/wp-includes/class-wp-hook.php(310): avia_woocommerce_cart_pos()
#1 /var/www/html/wp-includes/plugin.php(205): WP_Hook->apply_filters()
#2 /var/www/html/wp-content/themes/enfold/functions-enfold.php(1294): apply_filters()
#3 /var/www/html/wp-content/themes/enfold/header.php(25): avia_header_class_string()
#4 /var/www/html/wp-includes/template.php(785): require_once('...')
#5 /var/www/html/wp-includes/template.php(720): load_template()
#6 /var/www/html/wp-includes/general-template.php(48): locate_template()
#7 /var/www/html/wp-content/themes/enfold/404.php(9): get_header()
#8 /var/www/html/wp-includes/template-loader.php(106): include('...')
#9 /var/www/html/wp-blog-header.php(19): require_once('...')
#10 /var/www/html/index.php(17): require('...')
#11 {main}
  thrown in /var/www/html/wp-content/themes/enfold/config-woocommerce/config.php on line 2009

2026-01-15T00:36:33+00:00 CRITICAL Uncaught Error: Call to a member function get_cart() on null in /var/www/html/wp-content/themes/enfold/config-woocommerce/config.php:2009
Stack trace:
#0 /var/www/html/wp-includes/class-wp-hook.php(310): avia_woocommerce_cart_pos()
#1 /var/www/html/wp-includes/plugin.php(205): WP_Hook->apply_filters()
#2 /var/www/html/wp-content/themes/enfold/functions-enfold.php(1294): apply_filters()
#3 /var/www/html/wp-content/themes/enfold/header.php(25): avia_header_class_string()
#4 /var/www/html/wp-includes/template.php(785): require_once('...')
#5 /var/www/html/wp-includes/template.php(720): load_template()
#6 /var/www/html/wp-includes/general-template.php(48): locate_template()
#7 /var/www/html/wp-content/themes/enfold/404.php(9): get_header()
#8 /var/www/html/wp-includes/template-loader.php(106): include('...')
#9 /var/www/html/wp-blog-header.php(19): require_once('...')
#10 /var/www/html/index.php(17): require('...')
#11 {main}
  thrown in /var/www/html/wp-content/themes/enfold/config-woocommerce/config.php on line 2009

2026-01-15T04:48:03+00:00 CRITICAL Allowed memory size of 134217728 bytes exhausted (tried to allocate 20480 bytes) in /var/www/html/wp-includes/class-wpdb.php on line 2425

2026-01-15T13:04:09+00:00 CRITICAL Uncaught Error: Call to a member function get_cart() on null in /var/www/html/wp-content/themes/enfold/config-woocommerce/config.php:2009
Stack trace:
#0 /var/www/html/wp-includes/class-wp-hook.php(310): avia_woocommerce_cart_pos()
#1 /var/www/html/wp-includes/plugin.php(205): WP_Hook->apply_filters()
#2 /var/www/html/wp-content/themes/enfold/functions-enfold.php(1294): apply_filters()
#3 /var/www/html/wp-content/themes/enfold/header.php(25): avia_header_class_string()
#4 /var/www/html/wp-includes/template.php(785): require_once('...')
#5 /var/www/html/wp-includes/template.php(720): load_template()
#6 /var/www/html/wp-includes/general-template.php(48): locate_template()
#7 /var/www/html/wp-content/themes/enfold/404.php(9): get_header()
#8 /var/www/html/wp-includes/template-loader.php(106): include('...')
#9 /var/www/html/wp-blog-header.php(19): require_once('...')
#10 /var/www/html/index.php(17): require('...')
#11 {main}
  thrown in /var/www/html/wp-content/themes/enfold/config-woocommerce/config.php on line 2009

2026-01-15T13:04:12+00:00 CRITICAL Uncaught Error: Call to a member function get_cart() on null in /var/www/html/wp-content/themes/enfold/config-woocommerce/config.php:2009
Stack trace:
#0 /var/www/html/wp-includes/class-wp-hook.php(310): avia_woocommerce_cart_pos()
#1 /var/www/html/wp-includes/plugin.php(205): WP_Hook->apply_filters()
#2 /var/www/html/wp-content/themes/enfold/functions-enfold.php(1294): apply_filters()
#3 /var/www/html/wp-content/themes/enfold/header.php(25): avia_header_class_string()
#4 /var/www/html/wp-includes/template.php(785): require_once('...')
#5 /var/www/html/wp-includes/template.php(720): load_template()
#6 /var/www/html/wp-includes/general-template.php(48): locate_template()
#7 /var/www/html/wp-content/themes/enfold/404.php(9): get_header()
#8 /var/www/html/wp-includes/template-loader.php(106): include('...')
#9 /var/www/html/wp-blog-header.php(19): require_once('...')
#10 /var/www/html/index.php(17): require('...')
#11 {main}
  thrown in /var/www/html/wp-content/themes/enfold/config-woocommerce/config.php on line 2009

2026-01-15T13:04:15+00:00 CRITICAL Uncaught Error: Call to a member function get_cart() on null in /var/www/html/wp-content/themes/enfold/config-woocommerce/config.php:2009
Stack trace:
#0 /var/www/html/wp-includes/class-wp-hook.php(310): avia_woocommerce_cart_pos()
#1 /var/www/html/wp-includes/plugin.php(205): WP_Hook->apply_filters()
#2 /var/www/html/wp-content/themes/enfold/functions-enfold.php(1294): apply_filters()
#3 /var/www/html/wp-content/themes/enfold/header.php(25): avia_header_class_string()
#4 /var/www/html/wp-includes/template.php(785): require_once('...')
#5 /var/www/html/wp-includes/template.php(720): load_template()
#6 /var/www/html/wp-includes/general-template.php(48): locate_template()
#7 /var/www/html/wp-content/themes/enfold/404.php(9): get_header()
#8 /var/www/html/wp-includes/template-loader.php(106): include('...')
#9 /var/www/html/wp-blog-header.php(19): require_once('...')
#10 /var/www/html/index.php(17): require('...')
#11 {main}
  thrown in /var/www/html/wp-content/themes/enfold/config-woocommerce/config.php on line 2009

2026-01-15T23:23:56+00:00 CRITICAL Uncaught Error: Call to a member function get_cart() on null in /var/www/html/wp-content/themes/enfold/config-woocommerce/config.php:2009
Stack trace:
#0 /var/www/html/wp-includes/class-wp-hook.php(310): avia_woocommerce_cart_pos()
#1 /var/www/html/wp-includes/plugin.php(205): WP_Hook->apply_filters()
#2 /var/www/html/wp-content/themes/enfold/functions-enfold.php(1294): apply_filters()
#3 /var/www/html/wp-content/themes/enfold/header.php(25): avia_header_class_string()
#4 /var/www/html/wp-includes/template.php(785): require_once('...')
#5 /var/www/html/wp-includes/template.php(720): load_template()
#6 /var/www/html/wp-includes/general-template.php(48): locate_template()
#7 /var/www/html/wp-content/themes/enfold/404.php(9): get_header()
#8 /var/www/html/wp-includes/template-loader.php(106): include('...')
#9 /var/www/html/wp-blog-header.php(19): require_once('...')
#10 /var/www/html/index.php(17): require('...')
#11 {main}
  thrown in /var/www/html/wp-content/themes/enfold/config-woocommerce/config.php on line 2009

2026-01-15T23:23:58+00:00 CRITICAL Uncaught Error: Call to a member function get_cart() on null in /var/www/html/wp-content/themes/enfold/config-woocommerce/config.php:2009
Stack trace:
#0 /var/www/html/wp-includes/class-wp-hook.php(310): avia_woocommerce_cart_pos()
#1 /var/www/html/wp-includes/plugin.php(205): WP_Hook->apply_filters()
#2 /var/www/html/wp-content/themes/enfold/functions-enfold.php(1294): apply_filters()
#3 /var/www/html/wp-content/themes/enfold/header.php(25): avia_header_class_string()
#4 /var/www/html/wp-includes/template.php(785): require_once('...')
#5 /var/www/html/wp-includes/template.php(720): load_template()
#6 /var/www/html/wp-includes/general-template.php(48): locate_template()
#7 /var/www/html/wp-content/themes/enfold/404.php(9): get_header()
#8 /var/www/html/wp-includes/template-loader.php(106): include('...')
#9 /var/www/html/wp-blog-header.php(19): require_once('...')
#10 /var/www/html/index.php(17): require('...')
#11 {main}
  thrown in /var/www/html/wp-content/themes/enfold/config-woocommerce/config.php on line 2009

